<?xml version="1.0" encoding="UTF-8"?>
<testng-results ignored="0" total="2" passed="2" failed="0" skipped="0">
  <reporter-output>
  </reporter-output>
  <suite started-at="2025-05-24T18:52:03 IST" name="Default suite" finished-at="2025-05-24T18:52:03 IST" duration-ms="108">
    <groups>
    </groups>
    <test started-at="2025-05-24T18:52:03 IST" name="Default test" finished-at="2025-05-24T18:52:03 IST" duration-ms="108">
      <class name="Package1.Test3">
        <test-method is-config="true" signature="beforeClass()[pri:0, instance:Package1.Test3@5a37d3ed]" started-at="2025-05-24T18:52:03 IST" name="beforeClass" finished-at="2025-05-24T18:52:03 IST" duration-ms="9" status="PASS">
          <reporter-output>
          </reporter-output>
        </test-method> <!-- beforeClass -->
        <test-method signature="testMethod()[pri:0, instance:Package1.Test3@5a37d3ed, instance params:[]]" started-at="2025-05-24T18:52:03 IST" name="testMethod" finished-at="2025-05-24T18:52:03 IST" duration-ms="9" status="PASS">
          <reporter-output>
          </reporter-output>
        </test-method> <!-- testMethod -->
        <test-method is-config="true" signature="beforeClass()[pri:0, instance:Package1.Test3@797b0699]" started-at="2025-05-24T18:52:03 IST" name="beforeClass" finished-at="2025-05-24T18:52:03 IST" duration-ms="3" status="PASS">
          <reporter-output>
          </reporter-output>
        </test-method> <!-- beforeClass -->
        <test-method signature="testMethod()[pri:0, instance:Package1.Test3@797b0699, instance params:[]]" started-at="2025-05-24T18:52:03 IST" name="testMethod" finished-at="2025-05-24T18:52:03 IST" duration-ms="7" status="PASS">
          <reporter-output>
          </reporter-output>
        </test-method> <!-- testMethod -->
      </class> <!-- Package1.Test3 -->
    </test> <!-- Default test -->
  </suite> <!-- Default suite -->
</testng-results>
