<?xml version="1.0" encoding="UTF-8"?>
<testng-results ignored="0" total="2" passed="2" failed="0" skipped="0">
  <reporter-output>
  </reporter-output>
  <suite started-at="2025-09-07T22:24:27 IST" name="Default suite" finished-at="2025-09-07T22:24:27 IST" duration-ms="105">
    <groups>
    </groups>
    <test started-at="2025-09-07T22:24:27 IST" name="Default test" finished-at="2025-09-07T22:24:27 IST" duration-ms="105">
      <class name="Package1.Test3">
        <test-method is-config="true" signature="beforeClass()[pri:0, instance:Package1.Test3@1a72a540]" started-at="2025-09-07T22:24:27 IST" name="beforeClass" finished-at="2025-09-07T22:24:27 IST" duration-ms="8" status="PASS">
          <reporter-output>
          </reporter-output>
        </test-method> <!-- beforeClass -->
        <test-method signature="testMethod()[pri:0, instance:Package1.Test3@1a72a540, instance params:[]]" started-at="2025-09-07T22:24:27 IST" name="testMethod" finished-at="2025-09-07T22:24:27 IST" duration-ms="13" status="PASS">
          <reporter-output>
          </reporter-output>
        </test-method> <!-- testMethod -->
        <test-method is-config="true" signature="beforeClass()[pri:0, instance:Package1.Test3@27d5a580]" started-at="2025-09-07T22:24:27 IST" name="beforeClass" finished-at="2025-09-07T22:24:27 IST" duration-ms="2" status="PASS">
          <reporter-output>
          </reporter-output>
        </test-method> <!-- beforeClass -->
        <test-method signature="testMethod()[pri:0, instance:Package1.Test3@27d5a580, instance params:[]]" started-at="2025-09-07T22:24:27 IST" name="testMethod" finished-at="2025-09-07T22:24:27 IST" duration-ms="4" status="PASS">
          <reporter-output>
          </reporter-output>
        </test-method> <!-- testMethod -->
      </class> <!-- Package1.Test3 -->
    </test> <!-- Default test -->
  </suite> <!-- Default suite -->
</testng-results>
